<?xml version="1.0" encoding="UTF-8"?>
<coverage generated="1730455914703" clover="3.2.0">
  <project timestamp="1730455914703" name="All files">
    <metrics statements="23" coveredstatements="21" conditionals="6" coveredconditionals="4" methods="10" coveredmethods="9" elements="39" coveredelements="34" complexity="0" loc="23" ncloc="23" packages="1" files="1" classes="1"/>
    <file name="Home.jsx" path="/Users/bikashneupane/Lab/code/Practice/Restaurant/src/Pages/Home.jsx">
      <metrics statements="23" coveredstatements="21" conditionals="6" coveredconditionals="4" methods="10" coveredmethods="9"/>
      <line num="10" count="1" type="stmt"/>
      <line num="11" count="9" type="stmt"/>
      <line num="13" count="9" type="stmt"/>
      <line num="15" count="9" type="cond" truecount="1" falsecount="1"/>
      <line num="17" count="9" type="stmt"/>
      <line num="19" count="9" type="stmt"/>
      <line num="20" count="4" type="stmt"/>
      <line num="23" count="9" type="stmt"/>
      <line num="24" count="1" type="stmt"/>
      <line num="25" count="1" type="stmt"/>
      <line num="28" count="9" type="stmt"/>
      <line num="29" count="1" type="stmt"/>
      <line num="30" count="20" type="stmt"/>
      <line num="31" count="79" type="stmt"/>
      <line num="36" count="1" type="stmt"/>
      <line num="39" count="9" type="stmt"/>
      <line num="40" count="9" type="cond" truecount="1" falsecount="1"/>
      <line num="41" count="0" type="stmt"/>
      <line num="46" count="9" type="cond" truecount="2" falsecount="0"/>
      <line num="70" count="1" type="stmt"/>
      <line num="71" count="20" type="stmt"/>
      <line num="82" count="0" type="stmt"/>
      <line num="88" count="75" type="stmt"/>
    </file>
  </project>
</coverage>
