{"/Users/bikashneupane/Lab/code/Practice/Restaurant/src/Pages/ContactUs.jsx": {"path":"/Users/bikashneupane/Lab/code/Practice/Restaurant/src/Pages/ContactUs.jsx","statementMap":{"0":{"start":{"line":1,"column":25},"end":{"line":28,"column":1}},"1":{"start":{"line":2,"column":2},"end":{"line":27,"column":4}}},"fnMap":{"0":{"name":"(anonymous_0)","decl":{"start":{"line":1,"column":25},"end":{"line":1,"column":26}},"loc":{"start":{"line":1,"column":31},"end":{"line":28,"column":1}},"line":1}},"branchMap":{},"s":{"0":1,"1":4},"f":{"0":4},"b":{},"_coverageSchema":"1a1c01bbd47fc00a2c39e90264f33305004495a9","hash":"8b20716fbf82fd5185213e65c441d0f82d52882c"}
,"/Users/bikashneupane/Lab/code/Practice/Restaurant/src/components/sum.js": {"path":"/Users/bikashneupane/Lab/code/Practice/Restaurant/src/components/sum.js","statementMap":{"0":{"start":{"line":1,"column":19},"end":{"line":3,"column":1}},"1":{"start":{"line":2,"column":2},"end":{"line":2,"column":15}}},"fnMap":{"0":{"name":"(anonymous_0)","decl":{"start":{"line":1,"column":19},"end":{"line":1,"column":20}},"loc":{"start":{"line":1,"column":29},"end":{"line":3,"column":1}},"line":1}},"branchMap":{},"s":{"0":1,"1":1},"f":{"0":1},"b":{},"_coverageSchema":"1a1c01bbd47fc00a2c39e90264f33305004495a9","hash":"6788ad9996252bdb120c888dbc9c030ae0922d81"}
}
