{"/Users/bikashneupane/Lab/code/Practice/Restaurant/src/Pages/ContactUs.jsx": {"path":"/Users/bikashneupane/Lab/code/Practice/Restaurant/src/Pages/ContactUs.jsx","statementMap":{"0":{"start":{"line":1,"column":25},"end":{"line":28,"column":1}},"1":{"start":{"line":2,"column":2},"end":{"line":27,"column":4}}},"fnMap":{"0":{"name":"(anonymous_0)","decl":{"start":{"line":1,"column":25},"end":{"line":1,"column":26}},"loc":{"start":{"line":1,"column":31},"end":{"line":28,"column":1}},"line":1}},"branchMap":{},"s":{"0":1,"1":4},"f":{"0":4},"b":{},"_coverageSchema":"1a1c01bbd47fc00a2c39e90264f33305004495a9","hash":"8b20716fbf82fd5185213e65c441d0f82d52882c"}
,"/Users/bikashneupane/Lab/code/Practice/Restaurant/src/components/RestaurantCard.jsx": {"path":"/Users/bikashneupane/Lab/code/Practice/Restaurant/src/components/RestaurantCard.jsx","statementMap":{"0":{"start":{"line":4,"column":30},"end":{"line":31,"column":1}},"1":{"start":{"line":5,"column":13},"end":{"line":5,"column":27}},"2":{"start":{"line":6,"column":16},"end":{"line":6,"column":32}},"3":{"start":{"line":7,"column":19},"end":{"line":7,"column":39}},"4":{"start":{"line":8,"column":20},"end":{"line":8,"column":41}},"5":{"start":{"line":9,"column":23},"end":{"line":9,"column":52}},"6":{"start":{"line":10,"column":19},"end":{"line":10,"column":63}},"7":{"start":{"line":14,"column":2},"end":{"line":30,"column":4}}},"fnMap":{"0":{"name":"(anonymous_0)","decl":{"start":{"line":4,"column":30},"end":{"line":4,"column":31}},"loc":{"start":{"line":4,"column":44},"end":{"line":31,"column":1}},"line":4}},"branchMap":{},"s":{"0":1,"1":1,"2":1,"3":1,"4":1,"5":1,"6":1,"7":1},"f":{"0":1},"b":{},"_coverageSchema":"1a1c01bbd47fc00a2c39e90264f33305004495a9","hash":"d3a3de9f1250d9631d10853805d8940043923d7b"}
,"/Users/bikashneupane/Lab/code/Practice/Restaurant/src/components/sum.js": {"path":"/Users/bikashneupane/Lab/code/Practice/Restaurant/src/components/sum.js","statementMap":{"0":{"start":{"line":1,"column":19},"end":{"line":3,"column":1}},"1":{"start":{"line":2,"column":2},"end":{"line":2,"column":15}}},"fnMap":{"0":{"name":"(anonymous_0)","decl":{"start":{"line":1,"column":19},"end":{"line":1,"column":20}},"loc":{"start":{"line":1,"column":29},"end":{"line":3,"column":1}},"line":1}},"branchMap":{},"s":{"0":1,"1":1},"f":{"0":1},"b":{},"_coverageSchema":"1a1c01bbd47fc00a2c39e90264f33305004495a9","hash":"6788ad9996252bdb120c888dbc9c030ae0922d81"}
,"/Users/bikashneupane/Lab/code/Practice/Restaurant/src/hooks/useOnlineStatus.jsx": {"path":"/Users/bikashneupane/Lab/code/Practice/Restaurant/src/hooks/useOnlineStatus.jsx","statementMap":{"0":{"start":{"line":3,"column":31},"end":{"line":17,"column":1}},"1":{"start":{"line":4,"column":42},"end":{"line":4,"column":56}},"2":{"start":{"line":6,"column":2},"end":{"line":14,"column":9}},"3":{"start":{"line":7,"column":4},"end":{"line":9,"column":7}},"4":{"start":{"line":8,"column":6},"end":{"line":8,"column":29}},"5":{"start":{"line":11,"column":4},"end":{"line":13,"column":7}},"6":{"start":{"line":12,"column":6},"end":{"line":12,"column":28}},"7":{"start":{"line":16,"column":2},"end":{"line":16,"column":22}}},"fnMap":{"0":{"name":"(anonymous_0)","decl":{"start":{"line":3,"column":31},"end":{"line":3,"column":32}},"loc":{"start":{"line":3,"column":37},"end":{"line":17,"column":1}},"line":3},"1":{"name":"(anonymous_1)","decl":{"start":{"line":6,"column":12},"end":{"line":6,"column":13}},"loc":{"start":{"line":6,"column":18},"end":{"line":14,"column":3}},"line":6},"2":{"name":"(anonymous_2)","decl":{"start":{"line":7,"column":39},"end":{"line":7,"column":40}},"loc":{"start":{"line":7,"column":45},"end":{"line":9,"column":5}},"line":7},"3":{"name":"(anonymous_3)","decl":{"start":{"line":11,"column":38},"end":{"line":11,"column":39}},"loc":{"start":{"line":11,"column":44},"end":{"line":13,"column":5}},"line":11}},"branchMap":{},"s":{"0":1,"1":4,"2":4,"3":3,"4":0,"5":3,"6":0,"7":4},"f":{"0":4,"1":3,"2":0,"3":0},"b":{},"_coverageSchema":"1a1c01bbd47fc00a2c39e90264f33305004495a9","hash":"a0729fddc6b4bbd4513dd1bc200ff04d2f93ad37"}
,"/Users/bikashneupane/Lab/code/Practice/Restaurant/src/layout/Header.jsx": {"path":"/Users/bikashneupane/Lab/code/Practice/Restaurant/src/layout/Header.jsx","statementMap":{"0":{"start":{"line":8,"column":22},"end":{"line":61,"column":1}},"1":{"start":{"line":9,"column":38},"end":{"line":9,"column":53}},"2":{"start":{"line":10,"column":23},"end":{"line":10,"column":40}},"3":{"start":{"line":11,"column":27},"end":{"line":11,"column":50}},"4":{"start":{"line":12,"column":20},"end":{"line":12,"column":54}},"5":{"start":{"line":12,"column":43},"end":{"line":12,"column":53}},"6":{"start":{"line":14,"column":2},"end":{"line":60,"column":4}},"7":{"start":{"line":49,"column":16},"end":{"line":49,"column":43}}},"fnMap":{"0":{"name":"(anonymous_0)","decl":{"start":{"line":8,"column":22},"end":{"line":8,"column":23}},"loc":{"start":{"line":8,"column":28},"end":{"line":61,"column":1}},"line":8},"1":{"name":"(anonymous_1)","decl":{"start":{"line":12,"column":32},"end":{"line":12,"column":33}},"loc":{"start":{"line":12,"column":43},"end":{"line":12,"column":53}},"line":12},"2":{"name":"(anonymous_2)","decl":{"start":{"line":48,"column":23},"end":{"line":48,"column":24}},"loc":{"start":{"line":48,"column":29},"end":{"line":50,"column":15}},"line":48}},"branchMap":{"0":{"loc":{"start":{"line":24,"column":30},"end":{"line":24,"column":56}},"type":"cond-expr","locations":[{"start":{"line":24,"column":45},"end":{"line":24,"column":49}},{"start":{"line":24,"column":52},"end":{"line":24,"column":56}}],"line":24},"1":{"loc":{"start":{"line":40,"column":31},"end":{"line":40,"column":62}},"type":"binary-expr","locations":[{"start":{"line":40,"column":31},"end":{"line":40,"column":44}},{"start":{"line":40,"column":48},"end":{"line":40,"column":62}}],"line":40},"2":{"loc":{"start":{"line":52,"column":15},"end":{"line":52,"column":46}},"type":"cond-expr","locations":[{"start":{"line":52,"column":28},"end":{"line":52,"column":36}},{"start":{"line":52,"column":39},"end":{"line":52,"column":46}}],"line":52}},"s":{"0":1,"1":4,"2":4,"3":4,"4":4,"5":7,"6":4,"7":1},"f":{"0":4,"1":7,"2":1},"b":{"0":[4,0],"1":[4,0],"2":[1,3]},"_coverageSchema":"1a1c01bbd47fc00a2c39e90264f33305004495a9","hash":"5809251314d7de24414b34139da539e0f34a3bdf"}
,"/Users/bikashneupane/Lab/code/Practice/Restaurant/src/redux/store.js": {"path":"/Users/bikashneupane/Lab/code/Practice/Restaurant/src/redux/store.js","statementMap":{"0":{"start":{"line":5,"column":14},"end":{"line":9,"column":2}}},"fnMap":{},"branchMap":{},"s":{"0":1},"f":{},"b":{},"_coverageSchema":"1a1c01bbd47fc00a2c39e90264f33305004495a9","hash":"abffd953af94a262441d5a3829cd1b39d5b77016"}
,"/Users/bikashneupane/Lab/code/Practice/Restaurant/src/redux/slice/cartSlice.js": {"path":"/Users/bikashneupane/Lab/code/Practice/Restaurant/src/redux/slice/cartSlice.js","statementMap":{"0":{"start":{"line":4,"column":18},"end":{"line":20,"column":2}},"1":{"start":{"line":11,"column":6},"end":{"line":11,"column":39}},"2":{"start":{"line":14,"column":6},"end":{"line":14,"column":24}},"3":{"start":{"line":17,"column":6},"end":{"line":17,"column":23}},"4":{"start":{"line":22,"column":29},"end":{"line":22,"column":38}},"5":{"start":{"line":24,"column":50},"end":{"line":24,"column":57}}},"fnMap":{"0":{"name":"(anonymous_0)","decl":{"start":{"line":10,"column":13},"end":{"line":10,"column":14}},"loc":{"start":{"line":10,"column":32},"end":{"line":12,"column":5}},"line":10},"1":{"name":"(anonymous_1)","decl":{"start":{"line":13,"column":16},"end":{"line":13,"column":17}},"loc":{"start":{"line":13,"column":27},"end":{"line":15,"column":5}},"line":13},"2":{"name":"(anonymous_2)","decl":{"start":{"line":16,"column":15},"end":{"line":16,"column":16}},"loc":{"start":{"line":16,"column":26},"end":{"line":18,"column":5}},"line":16}},"branchMap":{},"s":{"0":1,"1":0,"2":0,"3":0,"4":1,"5":1},"f":{"0":0,"1":0,"2":0},"b":{},"_coverageSchema":"1a1c01bbd47fc00a2c39e90264f33305004495a9","hash":"4332b63e59be91f5fe78436cfb7d0ff69847588d"}
,"/Users/bikashneupane/Lab/code/Practice/Restaurant/src/utils/UserContext.jsx": {"path":"/Users/bikashneupane/Lab/code/Practice/Restaurant/src/utils/UserContext.jsx","statementMap":{"0":{"start":{"line":4,"column":20},"end":{"line":6,"column":2}}},"fnMap":{},"branchMap":{},"s":{"0":1},"f":{},"b":{},"_coverageSchema":"1a1c01bbd47fc00a2c39e90264f33305004495a9","hash":"1e87ab40bfbb8db9b39d9b2b9fc8442619d3dbaf"}
,"/Users/bikashneupane/Lab/code/Practice/Restaurant/src/utils/constants.js": {"path":"/Users/bikashneupane/Lab/code/Practice/Restaurant/src/utils/constants.js","statementMap":{"0":{"start":{"line":1,"column":23},"end":{"line":1,"column":106}},"1":{"start":{"line":2,"column":24},"end":{"line":2,"column":116}},"2":{"start":{"line":4,"column":26},"end":{"line":4,"column":164}},"3":{"start":{"line":5,"column":24},"end":{"line":5,"column":26}},"4":{"start":{"line":8,"column":2},"end":{"line":41,"column":8}}},"fnMap":{},"branchMap":{},"s":{"0":2,"1":2,"2":2,"3":2,"4":2},"f":{},"b":{},"_coverageSchema":"1a1c01bbd47fc00a2c39e90264f33305004495a9","hash":"08847e1197e43e11743ee8f3a14f7f37d173e9e9"}
}
