TN:
SF:src/Pages/Home.jsx
FN:10,(anonymous_0)
FN:19,(anonymous_1)
FN:23,(anonymous_2)
FN:28,(anonymous_3)
FN:29,(anonymous_4)
FN:30,(anonymous_5)
FN:69,(anonymous_6)
FN:71,(anonymous_7)
FN:82,(anonymous_8)
FN:87,(anonymous_9)
FNF:10
FNH:9
FNDA:9,(anonymous_0)
FNDA:4,(anonymous_1)
FNDA:1,(anonymous_2)
FNDA:1,(anonymous_3)
FNDA:20,(anonymous_4)
FNDA:79,(anonymous_5)
FNDA:1,(anonymous_6)
FNDA:20,(anonymous_7)
FNDA:0,(anonymous_8)
FNDA:75,(anonymous_9)
DA:10,1
DA:11,9
DA:13,9
DA:15,9
DA:17,9
DA:19,9
DA:20,4
DA:23,9
DA:24,1
DA:25,1
DA:28,9
DA:29,1
DA:30,20
DA:31,79
DA:36,1
DA:39,9
DA:40,9
DA:41,0
DA:46,9
DA:70,1
DA:71,20
DA:82,0
DA:88,75
LF:23
LH:21
BRDA:15,0,0,9
BRDA:15,0,1,0
BRDA:40,1,0,0
BRDA:40,1,1,9
BRDA:46,2,0,2
BRDA:46,2,1,7
BRF:6
BRH:4
end_of_record
