TN:
SF:src/Pages/ContactUs.jsx
FN:1,(anonymous_0)
FNF:1
FNH:1
FNDA:4,(anonymous_0)
DA:1,1
DA:2,4
LF:2
LH:2
BRF:0
BRH:0
end_of_record
TN:
SF:src/components/RestaurantCard.jsx
FN:4,(anonymous_0)
FNF:1
FNH:1
FNDA:1,(anonymous_0)
DA:4,1
DA:5,1
DA:6,1
DA:7,1
DA:8,1
DA:9,1
DA:10,1
DA:14,1
LF:8
LH:8
BRF:0
BRH:0
end_of_record
TN:
SF:src/components/sum.js
FN:1,(anonymous_0)
FNF:1
FNH:1
FNDA:1,(anonymous_0)
DA:1,1
DA:2,1
LF:2
LH:2
BRF:0
BRH:0
end_of_record
TN:
SF:src/hooks/useOnlineStatus.jsx
FN:3,(anonymous_0)
FN:6,(anonymous_1)
FN:7,(anonymous_2)
FN:11,(anonymous_3)
FNF:4
FNH:2
FNDA:4,(anonymous_0)
FNDA:3,(anonymous_1)
FNDA:0,(anonymous_2)
FNDA:0,(anonymous_3)
DA:3,1
DA:4,4
DA:6,4
DA:7,3
DA:8,0
DA:11,3
DA:12,0
DA:16,4
LF:8
LH:6
BRF:0
BRH:0
end_of_record
TN:
SF:src/layout/Header.jsx
FN:8,(anonymous_0)
FN:12,(anonymous_1)
FN:48,(anonymous_2)
FNF:3
FNH:3
FNDA:4,(anonymous_0)
FNDA:7,(anonymous_1)
FNDA:1,(anonymous_2)
DA:8,1
DA:9,4
DA:10,4
DA:11,4
DA:12,7
DA:14,4
DA:49,1
LF:7
LH:7
BRDA:24,0,0,4
BRDA:24,0,1,0
BRDA:40,1,0,4
BRDA:40,1,1,0
BRDA:52,2,0,1
BRDA:52,2,1,3
BRF:6
BRH:4
end_of_record
TN:
SF:src/redux/store.js
FNF:0
FNH:0
DA:5,1
LF:1
LH:1
BRF:0
BRH:0
end_of_record
TN:
SF:src/redux/slice/cartSlice.js
FN:10,(anonymous_0)
FN:13,(anonymous_1)
FN:16,(anonymous_2)
FNF:3
FNH:0
FNDA:0,(anonymous_0)
FNDA:0,(anonymous_1)
FNDA:0,(anonymous_2)
DA:4,1
DA:11,0
DA:14,0
DA:17,0
DA:22,1
DA:24,1
LF:6
LH:3
BRF:0
BRH:0
end_of_record
TN:
SF:src/utils/UserContext.jsx
FNF:0
FNH:0
DA:4,1
LF:1
LH:1
BRF:0
BRH:0
end_of_record
TN:
SF:src/utils/constants.js
FNF:0
FNH:0
DA:1,2
DA:2,2
DA:4,2
DA:5,2
DA:8,2
LF:5
LH:5
BRF:0
BRH:0
end_of_record
